{"ts":"2026-05-14T16:39:36.701Z","level":"info","category":"auth","msg":"Login bem-sucedido","data":{"email":"admin@confluence.com","tenantId":"2e9e7b57-84dd-4711-9546-bcaaa6163a11"}}
{"ts":"2026-05-14T16:40:32.135Z","level":"info","category":"auth","msg":"Login bem-sucedido","data":{"email":"admin@confluence.com","tenantId":"2e9e7b57-84dd-4711-9546-bcaaa6163a11"}}
{"ts":"2026-05-14T16:40:36.483Z","level":"info","category":"auth","msg":"Login bem-sucedido","data":{"email":"admin@confluence.com","tenantId":"2e9e7b57-84dd-4711-9546-bcaaa6163a11"}}
{"ts":"2026-05-14T16:42:17.969Z","level":"info","category":"auth","msg":"Login bem-sucedido","data":{"email":"admin@confluence.com","tenantId":"2e9e7b57-84dd-4711-9546-bcaaa6163a11"}}
{"ts":"2026-05-14T16:43:15.613Z","level":"info","category":"auth","msg":"Login bem-sucedido","data":{"email":"admin@confluence.com","tenantId":"2e9e7b57-84dd-4711-9546-bcaaa6163a11"}}
{"ts":"2026-05-14T16:43:25.014Z","level":"info","category":"auth","msg":"Login bem-sucedido","data":{"email":"admin@confluence.com","tenantId":"2e9e7b57-84dd-4711-9546-bcaaa6163a11"}}
{"ts":"2026-05-14T16:43:31.198Z","level":"info","category":"auth","msg":"Login bem-sucedido","data":{"email":"admin@confluence.com","tenantId":"2e9e7b57-84dd-4711-9546-bcaaa6163a11"}}
{"ts":"2026-05-14T16:44:40.015Z","level":"info","category":"auth","msg":"Login bem-sucedido","data":{"email":"admin@confluence.com","tenantId":"2e9e7b57-84dd-4711-9546-bcaaa6163a11"}}
{"ts":"2026-05-14T17:11:19.316Z","level":"info","category":"auth","msg":"Login bem-sucedido","data":{"email":"admin@confluence.com","tenantId":"2e9e7b57-84dd-4711-9546-bcaaa6163a11"}}
{"ts":"2026-05-14T17:13:38.376Z","level":"info","category":"auth","msg":"Login bem-sucedido","data":{"email":"admin@confluence.com","tenantId":"2e9e7b57-84dd-4711-9546-bcaaa6163a11"}}
{"ts":"2026-05-14T17:15:40.841Z","level":"info","category":"auth","msg":"Login bem-sucedido","data":{"email":"admin@confluence.com","tenantId":"2e9e7b57-84dd-4711-9546-bcaaa6163a11"}}
{"ts":"2026-05-14T17:26:22.564Z","level":"info","category":"auth","msg":"Login bem-sucedido","data":{"email":"admin@confluence.com","tenantId":"2e9e7b57-84dd-4711-9546-bcaaa6163a11"}}
{"ts":"2026-05-14T17:41:23.979Z","level":"info","category":"auth","msg":"Login bem-sucedido","data":{"email":"admin@confluence.com","tenantId":"2e9e7b57-84dd-4711-9546-bcaaa6163a11"}}
{"ts":"2026-05-14T17:50:48.014Z","level":"info","category":"auth","msg":"Login bem-sucedido","data":{"email":"admin@confluence.com","tenantId":"2e9e7b57-84dd-4711-9546-bcaaa6163a11"}}
{"ts":"2026-05-14T17:53:12.424Z","level":"info","category":"auth","msg":"Login bem-sucedido","data":{"email":"admin@confluence.com","tenantId":"2e9e7b57-84dd-4711-9546-bcaaa6163a11"}}
{"ts":"2026-05-14T18:08:24.150Z","level":"info","category":"auth","msg":"Login bem-sucedido","data":{"email":"admin@confluence.com","tenantId":"2e9e7b57-84dd-4711-9546-bcaaa6163a11"}}
{"ts":"2026-05-14T18:23:26.907Z","level":"info","category":"auth","msg":"Login bem-sucedido","data":{"email":"admin@confluence.com","tenantId":"2e9e7b57-84dd-4711-9546-bcaaa6163a11"}}
{"ts":"2026-05-14T18:38:30.541Z","level":"info","category":"auth","msg":"Login bem-sucedido","data":{"email":"admin@confluence.com","tenantId":"2e9e7b57-84dd-4711-9546-bcaaa6163a11"}}
{"ts":"2026-05-14T19:01:14.255Z","level":"info","category":"auth","msg":"Login bem-sucedido","data":{"email":"admin@confluence.com","tenantId":"2e9e7b57-84dd-4711-9546-bcaaa6163a11"}}
{"ts":"2026-05-14T19:29:32.507Z","level":"info","category":"auth","msg":"Login bem-sucedido","data":{"email":"admin@confluence.com","tenantId":"2e9e7b57-84dd-4711-9546-bcaaa6163a11"}}
{"ts":"2026-05-14T19:44:20.216Z","level":"info","category":"auth","msg":"Login bem-sucedido","data":{"email":"admin@confluence.com","tenantId":"2e9e7b57-84dd-4711-9546-bcaaa6163a11"}}
{"ts":"2026-05-14T19:46:08.056Z","level":"info","category":"auth","msg":"Login bem-sucedido","data":{"email":"admin@confluence.com","tenantId":"2e9e7b57-84dd-4711-9546-bcaaa6163a11"}}
{"ts":"2026-05-14T23:35:38.476Z","level":"info","category":"auth","msg":"Login bem-sucedido","data":{"email":"admin@confluence.com","tenantId":"2e9e7b57-84dd-4711-9546-bcaaa6163a11"}}
{"ts":"2026-05-14T23:40:41.099Z","level":"info","category":"auth","msg":"Login bem-sucedido","data":{"email":"admin@confluence.com","tenantId":"2e9e7b57-84dd-4711-9546-bcaaa6163a11"}}
{"ts":"2026-05-14T23:55:11.882Z","level":"info","category":"auth","msg":"Login bem-sucedido","data":{"email":"admin@confluence.com","tenantId":"2e9e7b57-84dd-4711-9546-bcaaa6163a11"}}
{"ts":"2026-05-14T23:58:29.616Z","level":"info","category":"auth","msg":"Login bem-sucedido","data":{"email":"admin@confluence.com","tenantId":"2e9e7b57-84dd-4711-9546-bcaaa6163a11"}}
{"ts":"2026-05-14T23:58:44.201Z","level":"info","category":"auth","msg":"Login bem-sucedido","data":{"email":"admin@confluence.com","tenantId":"2e9e7b57-84dd-4711-9546-bcaaa6163a11"}}
{"ts":"2026-05-15T00:41:14.323Z","level":"info","category":"auth","msg":"Login bem-sucedido","data":{"email":"admin@confluence.com","tenantId":"2e9e7b57-84dd-4711-9546-bcaaa6163a11"}}
{"ts":"2026-05-15T00:55:38.143Z","level":"info","category":"auth","msg":"Login bem-sucedido","data":{"email":"admin@confluence.com","tenantId":"2e9e7b57-84dd-4711-9546-bcaaa6163a11"}}
{"ts":"2026-05-15T00:59:39.881Z","level":"info","category":"auth","msg":"Login bem-sucedido","data":{"email":"admin@confluence.com","tenantId":"2e9e7b57-84dd-4711-9546-bcaaa6163a11"}}
{"ts":"2026-05-15T01:00:21.333Z","level":"info","category":"auth","msg":"Login bem-sucedido","data":{"email":"admin@confluence.com","tenantId":"2e9e7b57-84dd-4711-9546-bcaaa6163a11"}}
{"ts":"2026-05-15T03:55:56.384Z","level":"info","category":"auth","msg":"Login bem-sucedido","data":{"email":"admin@confluence.com","tenantId":"2e9e7b57-84dd-4711-9546-bcaaa6163a11"}}
{"ts":"2026-05-15T04:12:18.016Z","level":"info","category":"auth","msg":"Login bem-sucedido","data":{"email":"admin@confluence.com","tenantId":"2e9e7b57-84dd-4711-9546-bcaaa6163a11"}}
{"ts":"2026-05-15T04:27:54.868Z","level":"info","category":"auth","msg":"Login bem-sucedido","data":{"email":"admin@confluence.com","tenantId":"2e9e7b57-84dd-4711-9546-bcaaa6163a11"}}
{"ts":"2026-05-15T04:30:23.469Z","level":"info","category":"auth","msg":"Login bem-sucedido","data":{"email":"admin@confluence.com","tenantId":"2e9e7b57-84dd-4711-9546-bcaaa6163a11"}}
{"ts":"2026-05-15T04:30:49.730Z","level":"info","category":"auth","msg":"Login bem-sucedido","data":{"email":"admin@confluence.com","tenantId":"2e9e7b57-84dd-4711-9546-bcaaa6163a11"}}
{"ts":"2026-05-15T04:30:57.196Z","level":"info","category":"auth","msg":"Login bem-sucedido","data":{"email":"admin@confluence.com","tenantId":"2e9e7b57-84dd-4711-9546-bcaaa6163a11"}}
{"ts":"2026-05-15T04:33:29.411Z","level":"info","category":"auth","msg":"Login bem-sucedido","data":{"email":"admin@confluence.com","tenantId":"2e9e7b57-84dd-4711-9546-bcaaa6163a11"}}
{"ts":"2026-05-15T04:35:23.554Z","level":"info","category":"auth","msg":"Login bem-sucedido","data":{"email":"admin@confluence.com","tenantId":"2e9e7b57-84dd-4711-9546-bcaaa6163a11"}}
{"ts":"2026-05-15T04:44:59.880Z","level":"info","category":"auth","msg":"Login bem-sucedido","data":{"email":"admin@confluence.com","tenantId":"2e9e7b57-84dd-4711-9546-bcaaa6163a11"}}
{"ts":"2026-05-15T05:01:19.103Z","level":"info","category":"auth","msg":"Login bem-sucedido","data":{"email":"admin@confluence.com","tenantId":"2e9e7b57-84dd-4711-9546-bcaaa6163a11"}}
{"ts":"2026-05-15T05:16:44.746Z","level":"info","category":"auth","msg":"Login bem-sucedido","data":{"email":"admin@confluence.com","tenantId":"2e9e7b57-84dd-4711-9546-bcaaa6163a11"}}
{"ts":"2026-05-15T05:26:42.567Z","level":"info","category":"auth","msg":"Google Calendar conectado","data":{"tenantId":"2e9e7b57-84dd-4711-9546-bcaaa6163a11","userId":"a421fbbe-910d-4286-bc01-4ce1ba0e77ad"}}
{"ts":"2026-05-15T05:29:26.385Z","level":"info","category":"auth","msg":"Google Calendar conectado","data":{"tenantId":"2e9e7b57-84dd-4711-9546-bcaaa6163a11","userId":"a421fbbe-910d-4286-bc01-4ce1ba0e77ad"}}
{"ts":"2026-05-15T05:29:33.474Z","level":"warn","category":"auth","msg":"Teste Google Calendar falhou","data":{"tenantId":"2e9e7b57-84dd-4711-9546-bcaaa6163a11","userId":"a421fbbe-910d-4286-bc01-4ce1ba0e77ad","error":"Request had insufficient authentication scopes."}}
{"ts":"2026-05-15T06:07:28.278Z","level":"info","category":"auth","msg":"Login bem-sucedido","data":{"email":"admin@confluence.com","tenantId":"2e9e7b57-84dd-4711-9546-bcaaa6163a11"}}
{"ts":"2026-05-15T06:23:13.340Z","level":"info","category":"auth","msg":"Login bem-sucedido","data":{"email":"admin@confluence.com","tenantId":"2e9e7b57-84dd-4711-9546-bcaaa6163a11"}}
{"ts":"2026-05-15T06:39:02.192Z","level":"info","category":"auth","msg":"Login bem-sucedido","data":{"email":"admin@confluence.com","tenantId":"2e9e7b57-84dd-4711-9546-bcaaa6163a11"}}
{"ts":"2026-05-15T06:54:09.445Z","level":"info","category":"auth","msg":"Login bem-sucedido","data":{"email":"admin@confluence.com","tenantId":"2e9e7b57-84dd-4711-9546-bcaaa6163a11"}}
{"ts":"2026-05-15T07:14:00.338Z","level":"info","category":"auth","msg":"Login bem-sucedido","data":{"email":"admin@confluence.com","tenantId":"2e9e7b57-84dd-4711-9546-bcaaa6163a11"}}
{"ts":"2026-05-15T18:24:08.947Z","level":"info","category":"auth","msg":"Login bem-sucedido","data":{"email":"admin@confluence.com","tenantId":"2e9e7b57-84dd-4711-9546-bcaaa6163a11"}}
{"ts":"2026-05-15T18:43:08.687Z","level":"info","category":"auth","msg":"Login bem-sucedido","data":{"email":"admin@confluence.com","tenantId":"2e9e7b57-84dd-4711-9546-bcaaa6163a11"}}
{"ts":"2026-05-16T17:13:41.648Z","level":"info","category":"auth","msg":"Login bem-sucedido","data":{"email":"admin@confluence.com","tenantId":"2e9e7b57-84dd-4711-9546-bcaaa6163a11"}}
{"ts":"2026-05-17T04:20:53.897Z","level":"info","category":"auth","msg":"Login bem-sucedido","data":{"email":"admin@confluence.com","tenantId":"2e9e7b57-84dd-4711-9546-bcaaa6163a11"}}
{"ts":"2026-05-17T05:29:50.762Z","level":"info","category":"auth","msg":"Login bem-sucedido","data":{"email":"admin@confluence.com","tenantId":"2e9e7b57-84dd-4711-9546-bcaaa6163a11"}}
{"ts":"2026-05-17T07:00:45.397Z","level":"warn","category":"auth","msg":"Login falhou: email não encontrado","data":{"email":"admin@confluence.com"}}
{"ts":"2026-05-17T07:01:25.579Z","level":"info","category":"auth","msg":"Login bem-sucedido","data":{"email":"admin@confluence.com","tenantId":"c3c84456-2ff4-429e-bcec-e564eb5b1ea9"}}
{"ts":"2026-05-17T07:02:17.342Z","level":"info","category":"auth","msg":"Login bem-sucedido","data":{"email":"admin@confluence.com","tenantId":"c3c84456-2ff4-429e-bcec-e564eb5b1ea9"}}
{"ts":"2026-05-17T07:08:10.848Z","level":"info","category":"auth","msg":"Login bem-sucedido","data":{"email":"admin@confluence.com","tenantId":"c3c84456-2ff4-429e-bcec-e564eb5b1ea9"}}
{"ts":"2026-05-17T07:19:35.130Z","level":"info","category":"auth","msg":"Login bem-sucedido","data":{"email":"admin@confluence.com","tenantId":"c3c84456-2ff4-429e-bcec-e564eb5b1ea9"}}
{"ts":"2026-05-17T07:20:54.895Z","level":"info","category":"auth","msg":"Login bem-sucedido","data":{"email":"admin@confluence.com","tenantId":"c3c84456-2ff4-429e-bcec-e564eb5b1ea9"}}
{"ts":"2026-05-17T07:21:00.410Z","level":"info","category":"auth","msg":"Login bem-sucedido","data":{"email":"admin@confluence.com","tenantId":"c3c84456-2ff4-429e-bcec-e564eb5b1ea9"}}
